11/10/2019, 2:56:14 PM UTC - INFO: Using Yandex.Translate
11/10/2019, 2:56:16 PM UTC - OK: ---------------------------------------------
11/10/2019, 2:56:16 PM UTC - OK: BOT START ON: Sun, 10 Nov 2019 19:56:14 GMT
11/10/2019, 2:56:16 PM UTC - OK: ---------------------------------------------
11/10/2019, 2:56:16 PM UTC - INFO: Name: WrenchBot#3085 ID: 518961713098260490
11/10/2019, 2:56:16 PM UTC - INFO: Active in 10 servers.
11/10/2019, 2:56:28 PM UTC - TRAN: <@272466470510788608>: hola como estas -> hello how are you (es-en)
11/10/2019, 2:56:42 PM UTC - CMD: <@272466470510788608>: ]config help
11/10/2019, 2:59:46 PM UTC - INFO: Using Yandex.Translate
11/10/2019, 2:59:48 PM UTC - OK: ---------------------------------------------
11/10/2019, 2:59:48 PM UTC - OK: BOT START ON: Sun, 10 Nov 2019 19:59:46 GMT
11/10/2019, 2:59:48 PM UTC - OK: ---------------------------------------------
11/10/2019, 2:59:48 PM UTC - INFO: Name: WrenchBot#3085 ID: 518961713098260490
11/10/2019, 2:59:48 PM UTC - INFO: Active in 10 servers.
11/10/2019, 3:21:20 PM UTC - INFO: Using Yandex.Translate
11/10/2019, 3:21:23 PM UTC - OK: ---------------------------------------------
11/10/2019, 3:21:23 PM UTC - OK: BOT START ON: Sun, 10 Nov 2019 20:21:20 GMT
11/10/2019, 3:21:23 PM UTC - OK: ---------------------------------------------
11/10/2019, 3:21:23 PM UTC - INFO: Name: WrenchBot#3085 ID: 518961713098260490
11/10/2019, 3:21:23 PM UTC - INFO: Active in 10 servers.
11/10/2019, 3:21:24 PM UTC - CMD: <@272466470510788608>: ]tictactoe
11/10/2019, 3:30:08 PM UTC - CMD: <@272466470510788608>: ]config help
