9/29/2019, 1:04:56 PM UTC - INFO: Using Yandex.Translate
9/29/2019, 1:04:57 PM UTC - OK: ---------------------------------------------
9/29/2019, 1:04:57 PM UTC - OK: BOT START ON: Sun, 29 Sep 2019 17:04:56 GMT
9/29/2019, 1:04:57 PM UTC - OK: ---------------------------------------------
9/29/2019, 1:04:57 PM UTC - INFO: Name: WrenchBot#3085 ID: 518961713098260490
9/29/2019, 1:04:57 PM UTC - INFO: Active in 10 servers.
9/29/2019, 1:36:13 PM UTC - INFO: Using Yandex.Translate
9/29/2019, 1:36:14 PM UTC - OK: ---------------------------------------------
9/29/2019, 1:36:14 PM UTC - OK: BOT START ON: Sun, 29 Sep 2019 17:36:13 GMT
9/29/2019, 1:36:14 PM UTC - OK: ---------------------------------------------
9/29/2019, 1:36:14 PM UTC - INFO: Name: WrenchBot#3085 ID: 518961713098260490
9/29/2019, 1:36:14 PM UTC - INFO: Active in 10 servers.
9/29/2019, 2:10:14 PM UTC - INFO: Using Yandex.Translate
9/29/2019, 2:10:15 PM UTC - OK: ---------------------------------------------
9/29/2019, 2:10:15 PM UTC - OK: BOT START ON: Sun, 29 Sep 2019 18:10:14 GMT
9/29/2019, 2:10:15 PM UTC - OK: ---------------------------------------------
9/29/2019, 2:10:15 PM UTC - INFO: Name: WrenchBot#3085 ID: 518961713098260490
9/29/2019, 2:10:15 PM UTC - INFO: Active in 10 servers.
9/29/2019, 2:13:03 PM UTC - INFO: Using Yandex.Translate
9/29/2019, 2:13:03 PM UTC - OK: ---------------------------------------------
9/29/2019, 2:13:03 PM UTC - OK: BOT START ON: Sun, 29 Sep 2019 18:13:03 GMT
9/29/2019, 2:13:03 PM UTC - OK: ---------------------------------------------
9/29/2019, 2:13:03 PM UTC - INFO: Name: WrenchBot#3085 ID: 518961713098260490
9/29/2019, 2:13:03 PM UTC - INFO: Active in 10 servers.
9/29/2019, 2:14:13 PM UTC - INFO: Using Yandex.Translate
9/29/2019, 2:14:13 PM UTC - OK: ---------------------------------------------
9/29/2019, 2:14:13 PM UTC - OK: BOT START ON: Sun, 29 Sep 2019 18:14:12 GMT
9/29/2019, 2:14:13 PM UTC - OK: ---------------------------------------------
9/29/2019, 2:14:13 PM UTC - INFO: Name: WrenchBot#3085 ID: 518961713098260490
9/29/2019, 2:14:13 PM UTC - INFO: Active in 10 servers.
9/29/2019, 2:14:45 PM UTC - INFO: Using Yandex.Translate
9/29/2019, 2:14:46 PM UTC - OK: ---------------------------------------------
9/29/2019, 2:14:46 PM UTC - OK: BOT START ON: Sun, 29 Sep 2019 18:14:45 GMT
9/29/2019, 2:14:46 PM UTC - OK: ---------------------------------------------
9/29/2019, 2:14:46 PM UTC - INFO: Name: WrenchBot#3085 ID: 518961713098260490
9/29/2019, 2:14:46 PM UTC - INFO: Active in 10 servers.
9/29/2019, 4:53:49 PM UTC - INFO: Using Yandex.Translate
9/29/2019, 4:53:49 PM UTC - OK: ---------------------------------------------
9/29/2019, 4:53:49 PM UTC - OK: BOT START ON: Sun, 29 Sep 2019 20:53:49 GMT
9/29/2019, 4:53:49 PM UTC - OK: ---------------------------------------------
9/29/2019, 4:53:49 PM UTC - INFO: Name: WrenchBot#3085 ID: 518961713098260490
9/29/2019, 4:53:49 PM UTC - INFO: Active in 10 servers.
9/29/2019, 4:54:01 PM UTC - ERROR: Rejected Promise: [object Promise] / Rejection: TypeError: Cannot read property 'length' of null
9/29/2019, 4:54:33 PM UTC - INFO: Using Yandex.Translate
9/29/2019, 4:54:33 PM UTC - OK: ---------------------------------------------
9/29/2019, 4:54:33 PM UTC - OK: BOT START ON: Sun, 29 Sep 2019 20:54:33 GMT
9/29/2019, 4:54:33 PM UTC - OK: ---------------------------------------------
9/29/2019, 4:54:33 PM UTC - INFO: Name: WrenchBot#3085 ID: 518961713098260490
9/29/2019, 4:54:33 PM UTC - INFO: Active in 10 servers.
9/29/2019, 4:54:40 PM UTC - ERROR: Rejected Promise: [object Promise] / Rejection: TypeError: Cannot read property 'length' of null
9/29/2019, 4:55:55 PM UTC - INFO: Using Yandex.Translate
9/29/2019, 4:55:55 PM UTC - OK: ---------------------------------------------
9/29/2019, 4:55:55 PM UTC - OK: BOT START ON: Sun, 29 Sep 2019 20:55:55 GMT
9/29/2019, 4:55:55 PM UTC - OK: ---------------------------------------------
9/29/2019, 4:55:55 PM UTC - INFO: Name: WrenchBot#3085 ID: 518961713098260490
9/29/2019, 4:55:55 PM UTC - INFO: Active in 10 servers.
9/29/2019, 4:57:29 PM UTC - INFO: Using Yandex.Translate
9/29/2019, 4:57:30 PM UTC - OK: ---------------------------------------------
9/29/2019, 4:57:30 PM UTC - OK: BOT START ON: Sun, 29 Sep 2019 20:57:29 GMT
9/29/2019, 4:57:30 PM UTC - OK: ---------------------------------------------
9/29/2019, 4:57:30 PM UTC - INFO: Name: WrenchBot#3085 ID: 518961713098260490
9/29/2019, 4:57:30 PM UTC - INFO: Active in 10 servers.
9/29/2019, 4:58:10 PM UTC - INFO: Using Yandex.Translate
9/29/2019, 4:58:11 PM UTC - OK: ---------------------------------------------
9/29/2019, 4:58:11 PM UTC - OK: BOT START ON: Sun, 29 Sep 2019 20:58:10 GMT
9/29/2019, 4:58:11 PM UTC - OK: ---------------------------------------------
9/29/2019, 4:58:11 PM UTC - INFO: Name: WrenchBot#3085 ID: 518961713098260490
9/29/2019, 4:58:11 PM UTC - INFO: Active in 10 servers.
9/29/2019, 4:58:37 PM UTC - INFO: Using Yandex.Translate
9/29/2019, 4:58:39 PM UTC - OK: ---------------------------------------------
9/29/2019, 4:58:39 PM UTC - OK: BOT START ON: Sun, 29 Sep 2019 20:58:37 GMT
9/29/2019, 4:58:39 PM UTC - OK: ---------------------------------------------
9/29/2019, 4:58:39 PM UTC - INFO: Name: WrenchBot#3085 ID: 518961713098260490
9/29/2019, 4:58:39 PM UTC - INFO: Active in 10 servers.
9/29/2019, 5:01:34 PM UTC - INFO: Using Yandex.Translate
9/29/2019, 5:01:35 PM UTC - OK: ---------------------------------------------
9/29/2019, 5:01:35 PM UTC - OK: BOT START ON: Sun, 29 Sep 2019 21:01:34 GMT
9/29/2019, 5:01:35 PM UTC - OK: ---------------------------------------------
9/29/2019, 5:01:35 PM UTC - INFO: Name: WrenchBot#3085 ID: 518961713098260490
9/29/2019, 5:01:35 PM UTC - INFO: Active in 10 servers.
9/29/2019, 5:36:59 PM UTC - INFO: Using Yandex.Translate
9/29/2019, 5:37:00 PM UTC - OK: ---------------------------------------------
9/29/2019, 5:37:00 PM UTC - OK: BOT START ON: Sun, 29 Sep 2019 21:36:59 GMT
9/29/2019, 5:37:00 PM UTC - OK: ---------------------------------------------
9/29/2019, 5:37:00 PM UTC - INFO: Name: WrenchBot#3085 ID: 518961713098260490
9/29/2019, 5:37:00 PM UTC - INFO: Active in 10 servers.
9/29/2019, 6:59:44 PM UTC - INFO: Using Yandex.Translate
9/29/2019, 6:59:45 PM UTC - OK: ---------------------------------------------
9/29/2019, 6:59:45 PM UTC - OK: BOT START ON: Sun, 29 Sep 2019 22:59:44 GMT
9/29/2019, 6:59:45 PM UTC - OK: ---------------------------------------------
9/29/2019, 6:59:45 PM UTC - INFO: Name: WrenchBot#3085 ID: 518961713098260490
9/29/2019, 6:59:45 PM UTC - INFO: Active in 10 servers.
9/29/2019, 7:00:01 PM UTC - ERROR: Rejected Promise: [object Promise] / Rejection: ReferenceError: tmpMsg is not defined
9/29/2019, 7:01:27 PM UTC - ERROR: Rejected Promise: [object Promise] / Rejection: ReferenceError: tmpMsg is not defined
9/29/2019, 7:03:09 PM UTC - INFO: Using Yandex.Translate
9/29/2019, 7:03:11 PM UTC - OK: ---------------------------------------------
9/29/2019, 7:03:11 PM UTC - OK: BOT START ON: Sun, 29 Sep 2019 23:03:09 GMT
9/29/2019, 7:03:11 PM UTC - OK: ---------------------------------------------
9/29/2019, 7:03:11 PM UTC - INFO: Name: WrenchBot#3085 ID: 518961713098260490
9/29/2019, 7:03:11 PM UTC - INFO: Active in 10 servers.
9/29/2019, 7:03:51 PM UTC - INFO: Using Yandex.Translate
9/29/2019, 7:03:52 PM UTC - OK: ---------------------------------------------
9/29/2019, 7:03:52 PM UTC - OK: BOT START ON: Sun, 29 Sep 2019 23:03:51 GMT
9/29/2019, 7:03:52 PM UTC - OK: ---------------------------------------------
9/29/2019, 7:03:52 PM UTC - INFO: Name: WrenchBot#3085 ID: 518961713098260490
9/29/2019, 7:03:52 PM UTC - INFO: Active in 10 servers.
9/29/2019, 7:04:24 PM UTC - INFO: Using Yandex.Translate
9/29/2019, 7:04:24 PM UTC - OK: ---------------------------------------------
9/29/2019, 7:04:24 PM UTC - OK: BOT START ON: Sun, 29 Sep 2019 23:04:24 GMT
9/29/2019, 7:04:24 PM UTC - OK: ---------------------------------------------
9/29/2019, 7:04:24 PM UTC - INFO: Name: WrenchBot#3085 ID: 518961713098260490
9/29/2019, 7:04:24 PM UTC - INFO: Active in 10 servers.
9/29/2019, 7:05:57 PM UTC - INFO: Using Yandex.Translate
9/29/2019, 7:05:57 PM UTC - OK: ---------------------------------------------
9/29/2019, 7:05:57 PM UTC - OK: BOT START ON: Sun, 29 Sep 2019 23:05:57 GMT
9/29/2019, 7:05:57 PM UTC - OK: ---------------------------------------------
9/29/2019, 7:05:57 PM UTC - INFO: Name: WrenchBot#3085 ID: 518961713098260490
9/29/2019, 7:05:57 PM UTC - INFO: Active in 10 servers.
9/29/2019, 7:06:14 PM UTC - INFO: Using Yandex.Translate
9/29/2019, 7:06:15 PM UTC - OK: ---------------------------------------------
9/29/2019, 7:06:15 PM UTC - OK: BOT START ON: Sun, 29 Sep 2019 23:06:14 GMT
9/29/2019, 7:06:15 PM UTC - OK: ---------------------------------------------
9/29/2019, 7:06:15 PM UTC - INFO: Name: WrenchBot#3085 ID: 518961713098260490
9/29/2019, 7:06:15 PM UTC - INFO: Active in 10 servers.
9/29/2019, 7:07:25 PM UTC - INFO: Using Yandex.Translate
9/29/2019, 7:07:26 PM UTC - OK: ---------------------------------------------
9/29/2019, 7:07:26 PM UTC - OK: BOT START ON: Sun, 29 Sep 2019 23:07:25 GMT
9/29/2019, 7:07:26 PM UTC - OK: ---------------------------------------------
9/29/2019, 7:07:26 PM UTC - INFO: Name: WrenchBot#3085 ID: 518961713098260490
9/29/2019, 7:07:26 PM UTC - INFO: Active in 10 servers.
9/29/2019, 7:07:47 PM UTC - INFO: Using Yandex.Translate
9/29/2019, 7:07:47 PM UTC - OK: ---------------------------------------------
9/29/2019, 7:07:47 PM UTC - OK: BOT START ON: Sun, 29 Sep 2019 23:07:47 GMT
9/29/2019, 7:07:47 PM UTC - OK: ---------------------------------------------
9/29/2019, 7:07:47 PM UTC - INFO: Name: WrenchBot#3085 ID: 518961713098260490
9/29/2019, 7:07:47 PM UTC - INFO: Active in 10 servers.
9/29/2019, 7:08:46 PM UTC - CMD: <@272466470510788608>: ]testing
9/29/2019, 7:17:15 PM UTC - INFO: Using Yandex.Translate
9/29/2019, 7:17:16 PM UTC - OK: ---------------------------------------------
9/29/2019, 7:17:16 PM UTC - OK: BOT START ON: Sun, 29 Sep 2019 23:17:15 GMT
9/29/2019, 7:17:16 PM UTC - OK: ---------------------------------------------
9/29/2019, 7:17:16 PM UTC - INFO: Name: WrenchBot#3085 ID: 518961713098260490
9/29/2019, 7:17:16 PM UTC - INFO: Active in 10 servers.
9/29/2019, 7:17:20 PM UTC - ERROR: Rejected Promise: [object Promise] / Rejection: ReferenceError: Cannot access 'translate' before initialization
9/29/2019, 7:17:40 PM UTC - INFO: Using Yandex.Translate
9/29/2019, 7:17:40 PM UTC - OK: ---------------------------------------------
9/29/2019, 7:17:40 PM UTC - OK: BOT START ON: Sun, 29 Sep 2019 23:17:40 GMT
9/29/2019, 7:17:40 PM UTC - OK: ---------------------------------------------
9/29/2019, 7:17:40 PM UTC - INFO: Name: WrenchBot#3085 ID: 518961713098260490
9/29/2019, 7:17:40 PM UTC - INFO: Active in 10 servers.
9/29/2019, 7:17:43 PM UTC - ERROR: Rejected Promise: [object Promise] / Rejection: ReferenceError: TokenBuckt is not defined
9/29/2019, 7:19:24 PM UTC - ERROR: Rejected Promise: [object Promise] / Rejection: ReferenceError: TokenBuckt is not defined
9/29/2019, 7:19:29 PM UTC - ERROR: Rejected Promise: [object Promise] / Rejection: ReferenceError: TokenBuckt is not defined
9/29/2019, 7:19:42 PM UTC - INFO: Using Yandex.Translate
9/29/2019, 7:19:47 PM UTC - OK: ---------------------------------------------
9/29/2019, 7:19:47 PM UTC - OK: BOT START ON: Sun, 29 Sep 2019 23:19:42 GMT
9/29/2019, 7:19:47 PM UTC - OK: ---------------------------------------------
9/29/2019, 7:19:47 PM UTC - INFO: Name: WrenchBot#3085 ID: 518961713098260490
9/29/2019, 7:19:47 PM UTC - INFO: Active in 10 servers.
9/29/2019, 7:22:15 PM UTC - INFO: Using Yandex.Translate
9/29/2019, 7:22:15 PM UTC - OK: ---------------------------------------------
9/29/2019, 7:22:15 PM UTC - OK: BOT START ON: Sun, 29 Sep 2019 23:22:14 GMT
9/29/2019, 7:22:15 PM UTC - OK: ---------------------------------------------
9/29/2019, 7:22:15 PM UTC - INFO: Name: WrenchBot#3085 ID: 518961713098260490
9/29/2019, 7:22:15 PM UTC - INFO: Active in 10 servers.
9/29/2019, 7:34:57 PM UTC - INFO: Using Yandex.Translate
9/29/2019, 7:34:58 PM UTC - OK: ---------------------------------------------
9/29/2019, 7:34:58 PM UTC - OK: BOT START ON: Sun, 29 Sep 2019 23:34:57 GMT
9/29/2019, 7:34:58 PM UTC - OK: ---------------------------------------------
9/29/2019, 7:34:58 PM UTC - INFO: Name: WrenchBot#3085 ID: 518961713098260490
9/29/2019, 7:34:58 PM UTC - INFO: Active in 10 servers.
9/29/2019, 7:37:20 PM UTC - INFO: Using Yandex.Translate
9/29/2019, 7:37:20 PM UTC - OK: ---------------------------------------------
9/29/2019, 7:37:20 PM UTC - OK: BOT START ON: Sun, 29 Sep 2019 23:37:20 GMT
9/29/2019, 7:37:20 PM UTC - OK: ---------------------------------------------
9/29/2019, 7:37:20 PM UTC - INFO: Name: WrenchBot#3085 ID: 518961713098260490
9/29/2019, 7:37:20 PM UTC - INFO: Active in 10 servers.
9/29/2019, 7:39:19 PM UTC - INFO: Using Yandex.Translate
9/29/2019, 7:39:19 PM UTC - OK: ---------------------------------------------
9/29/2019, 7:39:19 PM UTC - OK: BOT START ON: Sun, 29 Sep 2019 23:39:19 GMT
9/29/2019, 7:39:19 PM UTC - OK: ---------------------------------------------
9/29/2019, 7:39:19 PM UTC - INFO: Name: WrenchBot#3085 ID: 518961713098260490
9/29/2019, 7:39:19 PM UTC - INFO: Active in 10 servers.
9/29/2019, 7:45:09 PM UTC - INFO: Using Yandex.Translate
9/29/2019, 7:45:09 PM UTC - OK: ---------------------------------------------
9/29/2019, 7:45:09 PM UTC - OK: BOT START ON: Sun, 29 Sep 2019 23:45:08 GMT
9/29/2019, 7:45:09 PM UTC - OK: ---------------------------------------------
9/29/2019, 7:45:09 PM UTC - INFO: Name: WrenchBot#3085 ID: 518961713098260490
9/29/2019, 7:45:09 PM UTC - INFO: Active in 10 servers.
9/29/2019, 7:47:38 PM UTC - INFO: Using Yandex.Translate
9/29/2019, 7:47:38 PM UTC - OK: ---------------------------------------------
9/29/2019, 7:47:38 PM UTC - OK: BOT START ON: Sun, 29 Sep 2019 23:47:38 GMT
9/29/2019, 7:47:38 PM UTC - OK: ---------------------------------------------
9/29/2019, 7:47:38 PM UTC - INFO: Name: WrenchBot#3085 ID: 518961713098260490
9/29/2019, 7:47:38 PM UTC - INFO: Active in 10 servers.
9/29/2019, 7:47:39 PM UTC - ERROR: Rejected Promise: [object Promise] / Rejection: SyntaxError: Invalid regular expression: /[^\p{L}1-9'",!?.-+\s]/: Range out of order in character class
9/29/2019, 7:47:49 PM UTC - ERROR: Rejected Promise: [object Promise] / Rejection: SyntaxError: Invalid regular expression: /[^\p{L}1-9'",!?.-+\s]/: Range out of order in character class
9/29/2019, 7:47:55 PM UTC - INFO: Using Yandex.Translate
9/29/2019, 7:47:55 PM UTC - OK: ---------------------------------------------
9/29/2019, 7:47:55 PM UTC - OK: BOT START ON: Sun, 29 Sep 2019 23:47:55 GMT
9/29/2019, 7:47:55 PM UTC - OK: ---------------------------------------------
9/29/2019, 7:47:55 PM UTC - INFO: Name: WrenchBot#3085 ID: 518961713098260490
9/29/2019, 7:47:55 PM UTC - INFO: Active in 10 servers.
9/29/2019, 7:56:46 PM UTC - INFO: Using Yandex.Translate
9/29/2019, 7:56:46 PM UTC - OK: ---------------------------------------------
9/29/2019, 7:56:46 PM UTC - OK: BOT START ON: Sun, 29 Sep 2019 23:56:46 GMT
9/29/2019, 7:56:46 PM UTC - OK: ---------------------------------------------
9/29/2019, 7:56:46 PM UTC - INFO: Name: WrenchBot#3085 ID: 518961713098260490
9/29/2019, 7:56:46 PM UTC - INFO: Active in 10 servers.
9/29/2019, 7:56:56 PM UTC - TRAN: <@272466470510788608>: hola como estas -> hello how are you (es-en)
9/29/2019, 7:57:31 PM UTC - TRAN: <@272466470510788608>: О нет, я мозг мертв -> Oh no, I'm brain dead (ru-en)
9/29/2019, 7:58:15 PM UTC - TRAN: <@272466470510788608>: hola, y tu -> hello, and your (es-en)
9/29/2019, 7:58:54 PM UTC - TRAN: <@207909015173332992>: Danke -> Thank you (de-en)
9/29/2019, 7:59:09 PM UTC - TRAN: <@251341841692098560>: huevo -> egg (es-en)
9/29/2019, 7:59:34 PM UTC - TRAN: <@207909015173332992>: oui je -> yes I (fr-en)
9/29/2019, 7:59:48 PM UTC - TRAN: <@272466470510788608>: ich die -> I (de-en)
9/29/2019, 8:01:27 PM UTC - ERROR: Rejected Promise: [object Promise] / Rejection: TypeError: Cannot read property 'includes' of undefined
9/29/2019, 8:03:39 PM UTC - INFO: Using Yandex.Translate
9/29/2019, 8:03:39 PM UTC - OK: ---------------------------------------------
9/29/2019, 8:03:39 PM UTC - OK: BOT START ON: Mon, 30 Sep 2019 00:03:39 GMT
9/29/2019, 8:03:39 PM UTC - OK: ---------------------------------------------
9/29/2019, 8:03:39 PM UTC - INFO: Name: WrenchBot#3085 ID: 518961713098260490
9/29/2019, 8:03:39 PM UTC - INFO: Active in 10 servers.
9/29/2019, 8:03:44 PM UTC - TRAN: <@272466470510788608>: hola como estas -> hello how are you (es-en)
9/29/2019, 8:04:01 PM UTC - ERROR: Rejected Promise: [object Promise] / Rejection: TypeError: Cannot read property 'includes' of undefined
9/29/2019, 8:04:21 PM UTC - INFO: Using Yandex.Translate
9/29/2019, 8:04:21 PM UTC - OK: ---------------------------------------------
9/29/2019, 8:04:21 PM UTC - OK: BOT START ON: Mon, 30 Sep 2019 00:04:21 GMT
9/29/2019, 8:04:21 PM UTC - OK: ---------------------------------------------
9/29/2019, 8:04:21 PM UTC - INFO: Name: WrenchBot#3085 ID: 518961713098260490
9/29/2019, 8:04:21 PM UTC - INFO: Active in 10 servers.
9/29/2019, 8:04:23 PM UTC - ERROR: Rejected Promise: [object Promise] / Rejection: TypeError: Cannot read property 'includes' of undefined
9/29/2019, 8:06:24 PM UTC - INFO: Using Yandex.Translate
9/29/2019, 8:06:25 PM UTC - OK: ---------------------------------------------
9/29/2019, 8:06:25 PM UTC - OK: BOT START ON: Mon, 30 Sep 2019 00:06:24 GMT
9/29/2019, 8:06:25 PM UTC - OK: ---------------------------------------------
9/29/2019, 8:06:25 PM UTC - INFO: Name: WrenchBot#3085 ID: 518961713098260490
9/29/2019, 8:06:25 PM UTC - INFO: Active in 10 servers.
9/29/2019, 8:06:30 PM UTC - ERROR: Rejected Promise: [object Promise] / Rejection: TypeError: Cannot read property 'includes' of undefined
9/29/2019, 8:08:55 PM UTC - INFO: Using Yandex.Translate
9/29/2019, 8:08:56 PM UTC - OK: ---------------------------------------------
9/29/2019, 8:08:56 PM UTC - OK: BOT START ON: Mon, 30 Sep 2019 00:08:55 GMT
9/29/2019, 8:08:56 PM UTC - OK: ---------------------------------------------
9/29/2019, 8:08:56 PM UTC - INFO: Name: WrenchBot#3085 ID: 518961713098260490
9/29/2019, 8:08:56 PM UTC - INFO: Active in 10 servers.
9/29/2019, 8:09:14 PM UTC - TRAN: <@272466470510788608>: こんにちはどうですか -> Hi How is the (ja-en)
9/29/2019, 8:09:24 PM UTC - TRAN: <@272466470510788608>: こんにちはどうですか -> Hi How is the (ja-en)
9/29/2019, 8:10:30 PM UTC - INFO: Using Yandex.Translate
9/29/2019, 8:10:30 PM UTC - OK: ---------------------------------------------
9/29/2019, 8:10:30 PM UTC - OK: BOT START ON: Mon, 30 Sep 2019 00:10:30 GMT
9/29/2019, 8:10:30 PM UTC - OK: ---------------------------------------------
9/29/2019, 8:10:30 PM UTC - INFO: Name: WrenchBot#3085 ID: 518961713098260490
9/29/2019, 8:10:30 PM UTC - INFO: Active in 10 servers.
9/29/2019, 8:10:37 PM UTC - TRAN: <@272466470510788608>: こんにちはどうですか -> Hi How is the (ja-en)
