2019-07-22T18:27:00.302Z - INFO: Using Yandex.Translate
2019-07-22T18:27:00.779Z - OK: ---------------------------------------------
2019-07-22T18:27:00.779Z - OK: BOT START ON: Mon, 22 Jul 2019 18:27:00 GMT
2019-07-22T18:27:00.779Z - OK: ---------------------------------------------
2019-07-22T18:27:00.779Z - OK: [READY] Bot has started.
2019-07-22T18:27:00.780Z - INFO: Name: WrenchBot#3085 ID: 518961713098260490
2019-07-22T18:27:00.780Z - INFO: Active in 8 servers.
2019-07-22T18:27:00.780Z - INFO:  
2019-07-22T18:27:00.780Z - INFO: Press CTRL+C to stop the bot.
2019-07-22T18:27:07.983Z - CMD: <@272466470510788608>: test
2019-07-22T18:44:44.967Z - INFO: Using Yandex.Translate
2019-07-22T18:44:45.521Z - OK: ---------------------------------------------
2019-07-22T18:44:45.522Z - OK: BOT START ON: Mon, 22 Jul 2019 18:44:44 GMT
2019-07-22T18:44:45.522Z - OK: ---------------------------------------------
2019-07-22T18:44:45.522Z - OK: [READY] Bot has started.
2019-07-22T18:44:45.522Z - INFO: Name: WrenchBot#3085 ID: 518961713098260490
2019-07-22T18:44:45.522Z - INFO: Active in 8 servers.
2019-07-22T18:44:45.523Z - INFO:  
2019-07-22T18:44:45.523Z - INFO: Press CTRL+C to stop the bot.
2019-07-22T18:45:24.702Z - INFO: Using Yandex.Translate
2019-07-22T18:45:25.337Z - OK: ---------------------------------------------
2019-07-22T18:45:25.337Z - OK: BOT START ON: Mon, 22 Jul 2019 18:45:24 GMT
2019-07-22T18:45:25.337Z - OK: ---------------------------------------------
2019-07-22T18:45:25.338Z - OK: [READY] Bot has started.
2019-07-22T18:45:25.338Z - INFO: Name: WrenchBot#3085 ID: 518961713098260490
2019-07-22T18:45:25.338Z - INFO: Active in 8 servers.
2019-07-22T18:45:25.338Z - INFO:  
2019-07-22T18:45:25.338Z - INFO: Press CTRL+C to stop the bot.
2019-07-22T18:45:39.887Z - INFO: Using Yandex.Translate
2019-07-22T18:45:40.546Z - OK: ---------------------------------------------
2019-07-22T18:45:40.546Z - OK: BOT START ON: Mon, 22 Jul 2019 18:45:39 GMT
2019-07-22T18:45:40.546Z - OK: ---------------------------------------------
2019-07-22T18:45:40.547Z - OK: [READY] Bot has started.
2019-07-22T18:45:40.547Z - INFO: Name: WrenchBot#3085 ID: 518961713098260490
2019-07-22T18:45:40.547Z - INFO: Active in 8 servers.
2019-07-22T18:45:40.547Z - INFO:  
2019-07-22T18:45:40.547Z - INFO: Press CTRL+C to stop the bot.
2019-07-22T18:45:42.585Z - ERROR: Rejected Promise: [object Promise] / Rejection: ReferenceError: commandsRead is not defined
2019-07-22T18:45:42.842Z - ERROR: Rejected Promise: [object Promise] / Rejection: ReferenceError: commandsRead is not defined
2019-07-22T18:48:50.916Z - INFO: Using Yandex.Translate
2019-07-22T18:48:53.517Z - OK: ---------------------------------------------
2019-07-22T18:48:53.517Z - OK: BOT START ON: Mon, 22 Jul 2019 18:48:50 GMT
2019-07-22T18:48:53.517Z - OK: ---------------------------------------------
2019-07-22T18:48:53.517Z - OK: [READY] Bot has started.
2019-07-22T18:48:53.518Z - INFO: Name: WrenchBot#3085 ID: 518961713098260490
2019-07-22T18:48:53.518Z - INFO: Active in 8 servers.
2019-07-22T18:48:53.518Z - INFO:  
2019-07-22T18:48:53.518Z - INFO: Press CTRL+C to stop the bot.
2019-07-22T18:48:56.819Z - CMD: <@272466470510788608>: test
2019-07-22T18:51:54.397Z - INFO: Using Yandex.Translate
2019-07-22T18:51:55.951Z - OK: ---------------------------------------------
2019-07-22T18:51:55.951Z - OK: BOT START ON: Mon, 22 Jul 2019 18:51:54 GMT
2019-07-22T18:51:55.951Z - OK: ---------------------------------------------
2019-07-22T18:51:55.951Z - OK: [READY] Bot has started.
2019-07-22T18:51:55.952Z - INFO: Name: WrenchBot#3085 ID: 518961713098260490
2019-07-22T18:51:55.952Z - INFO: Active in 8 servers.
2019-07-22T18:51:55.952Z - INFO:  
2019-07-22T18:51:55.952Z - INFO: Press CTRL+C to stop the bot.
2019-07-22T18:51:58.916Z - CMD: <@272466470510788608>: info
2019-07-22T18:54:01.225Z - INFO: Using Yandex.Translate
2019-07-22T18:54:01.826Z - OK: ---------------------------------------------
2019-07-22T18:54:01.826Z - OK: BOT START ON: Mon, 22 Jul 2019 18:54:01 GMT
2019-07-22T18:54:01.826Z - OK: ---------------------------------------------
2019-07-22T18:54:01.827Z - OK: [READY] Bot has started.
2019-07-22T18:54:01.827Z - INFO: Name: WrenchBot#3085 ID: 518961713098260490
2019-07-22T18:54:01.827Z - INFO: Active in 8 servers.
2019-07-22T18:54:01.827Z - INFO:  
2019-07-22T18:54:01.828Z - INFO: Press CTRL+C to stop the bot.
2019-07-22T18:54:49.735Z - CMD: <@272466470510788608>: test
2019-07-22T18:57:50.086Z - CMD: <@272466470510788608>: test
2019-07-22T18:58:02.506Z - CMD: <@272466470510788608>: conf
2019-07-22T18:59:04.004Z - INFO: Using Yandex.Translate
2019-07-22T18:59:04.492Z - OK: ---------------------------------------------
2019-07-22T18:59:04.493Z - OK: BOT START ON: Mon, 22 Jul 2019 18:59:03 GMT
2019-07-22T18:59:04.493Z - OK: ---------------------------------------------
2019-07-22T18:59:04.493Z - OK: [READY] Bot has started.
2019-07-22T18:59:04.494Z - INFO: Name: WrenchBot#3085 ID: 518961713098260490
2019-07-22T18:59:04.494Z - INFO: Active in 8 servers.
2019-07-22T18:59:04.494Z - INFO:  
2019-07-22T18:59:04.494Z - INFO: Press CTRL+C to stop the bot.
2019-07-22T18:59:09.662Z - ERROR: Rejected Promise: [object Promise] / Rejection: TypeError: message.shift is not a function
2019-07-22T18:59:40.385Z - INFO: Using Yandex.Translate
2019-07-22T18:59:42.875Z - OK: ---------------------------------------------
2019-07-22T18:59:42.875Z - OK: BOT START ON: Mon, 22 Jul 2019 18:59:40 GMT
2019-07-22T18:59:42.875Z - OK: ---------------------------------------------
2019-07-22T18:59:42.875Z - OK: [READY] Bot has started.
2019-07-22T18:59:42.876Z - INFO: Name: WrenchBot#3085 ID: 518961713098260490
2019-07-22T18:59:42.876Z - INFO: Active in 8 servers.
2019-07-22T18:59:42.876Z - INFO:  
2019-07-22T18:59:42.876Z - INFO: Press CTRL+C to stop the bot.
2019-07-22T18:59:43.608Z - ERROR: Rejected Promise: [object Promise] / Rejection: TypeError: message.toLowerCase is not a function
2019-07-22T19:00:23.302Z - INFO: Using Yandex.Translate
2019-07-22T19:00:23.821Z - OK: ---------------------------------------------
2019-07-22T19:00:23.821Z - OK: BOT START ON: Mon, 22 Jul 2019 19:00:23 GMT
2019-07-22T19:00:23.822Z - OK: ---------------------------------------------
2019-07-22T19:00:23.822Z - OK: [READY] Bot has started.
2019-07-22T19:00:23.822Z - INFO: Name: WrenchBot#3085 ID: 518961713098260490
2019-07-22T19:00:23.822Z - INFO: Active in 8 servers.
2019-07-22T19:00:23.823Z - INFO:  
2019-07-22T19:00:23.823Z - INFO: Press CTRL+C to stop the bot.
2019-07-22T19:00:29.404Z - ERROR: Rejected Promise: [object Promise] / Rejection: TypeError: Converting circular structure to JSON
    --> starting at object with constructor 'Message'
    |     property 'author' -> object with constructor 'User'
    --- property 'lastMessage' closes the circle
2019-07-22T19:01:51.605Z - INFO: Using Yandex.Translate
2019-07-22T19:01:52.128Z - OK: ---------------------------------------------
2019-07-22T19:01:52.128Z - OK: BOT START ON: Mon, 22 Jul 2019 19:01:51 GMT
2019-07-22T19:01:52.129Z - OK: ---------------------------------------------
2019-07-22T19:01:52.129Z - OK: [READY] Bot has started.
2019-07-22T19:01:52.129Z - INFO: Name: WrenchBot#3085 ID: 518961713098260490
2019-07-22T19:01:52.129Z - INFO: Active in 8 servers.
2019-07-22T19:01:52.130Z - INFO:  
2019-07-22T19:01:52.130Z - INFO: Press CTRL+C to stop the bot.
2019-07-22T19:01:53.371Z - CMD: <@272466470510788608>: ]test
2019-07-22T19:03:08.651Z - INFO: Using Yandex.Translate
2019-07-22T19:03:09.048Z - OK: ---------------------------------------------
2019-07-22T19:03:09.049Z - OK: BOT START ON: Mon, 22 Jul 2019 19:03:08 GMT
2019-07-22T19:03:09.049Z - OK: ---------------------------------------------
2019-07-22T19:03:09.049Z - OK: [READY] Bot has started.
2019-07-22T19:03:09.050Z - INFO: Name: WrenchBot#3085 ID: 518961713098260490
2019-07-22T19:03:09.050Z - INFO: Active in 8 servers.
2019-07-22T19:03:09.050Z - INFO:  
2019-07-22T19:03:09.050Z - INFO: Press CTRL+C to stop the bot.
2019-07-22T19:03:12.233Z - CMD: <@272466470510788608>: ]test
2019-07-22T19:04:00.529Z - INFO: Using Yandex.Translate
2019-07-22T19:04:01.438Z - OK: ---------------------------------------------
2019-07-22T19:04:01.438Z - OK: BOT START ON: Mon, 22 Jul 2019 19:04:00 GMT
2019-07-22T19:04:01.439Z - OK: ---------------------------------------------
2019-07-22T19:04:01.439Z - OK: [READY] Bot has started.
2019-07-22T19:04:01.439Z - INFO: Name: WrenchBot#3085 ID: 518961713098260490
2019-07-22T19:04:01.439Z - INFO: Active in 8 servers.
2019-07-22T19:04:01.440Z - INFO:  
2019-07-22T19:04:01.440Z - INFO: Press CTRL+C to stop the bot.
2019-07-22T19:04:04.734Z - CMD: <@272466470510788608>: ]test
2019-07-22T19:08:54.567Z - INFO: Using Yandex.Translate
2019-07-22T19:08:55.160Z - OK: ---------------------------------------------
2019-07-22T19:08:55.161Z - OK: BOT START ON: Mon, 22 Jul 2019 19:08:54 GMT
2019-07-22T19:08:55.161Z - OK: ---------------------------------------------
2019-07-22T19:08:55.161Z - INFO: Name: WrenchBot#3085 ID: 518961713098260490
2019-07-22T19:08:55.161Z - INFO: Active in 8 servers.
2019-07-22T19:09:04.725Z - CMD: <@272466470510788608>: ]conf help
2019-07-22T19:09:10.702Z - CMD: <@272466470510788608>: ]test a
2019-07-22T19:11:03.032Z - CMD: <@272466470510788608>: ]conf add bot commands
2019-07-22T19:13:05.713Z - INFO: Using Yandex.Translate
2019-07-22T19:13:06.245Z - OK: ---------------------------------------------
2019-07-22T19:13:06.246Z - OK: BOT START ON: Mon, 22 Jul 2019 19:13:05 GMT
2019-07-22T19:13:06.246Z - OK: ---------------------------------------------
2019-07-22T19:13:06.246Z - INFO: Name: WrenchBot#3085 ID: 518961713098260490
2019-07-22T19:13:06.246Z - INFO: Active in 8 servers.
2019-07-22T19:13:13.123Z - CMD: <@272466470510788608>: ]conf help
2019-07-22T19:13:21.674Z - CMD: <@272466470510788608>: ]conf help
2019-07-22T19:14:54.429Z - INFO: Using Yandex.Translate
2019-07-22T19:14:55.145Z - OK: ---------------------------------------------
2019-07-22T19:14:55.145Z - OK: BOT START ON: Mon, 22 Jul 2019 19:14:54 GMT
2019-07-22T19:14:55.146Z - OK: ---------------------------------------------
2019-07-22T19:14:55.146Z - INFO: Name: WrenchBot#3085 ID: 518961713098260490
2019-07-22T19:14:55.146Z - INFO: Active in 8 servers.
2019-07-22T19:14:58.215Z - CMD: <@272466470510788608>: ]help
2019-07-22T19:14:58.225Z - ERROR: Rejected Promise: [object Promise] / Rejection: TypeError: message.author.hasPermission is not a function
2019-07-22T19:14:58.656Z - CMD: <@518961713098260490>: To run a command in CustomCraft, use `]command` or `@WrenchBot#3085 command`. For example, `]prefix` or `@WrenchBot#3085 prefix`.
To run a command in this DM, simply use `command` with no prefix.

Use `help <command>` to view detailed information about a specific command.
Use `help all` to view a list of *all* commands, not just available ones.

__**Available commands in CustomCraft**__

__Fun__
**battle:** A turn-based battle with another user or AI
**guess-activity:** Guess what a user is doing.
**guess-age:** Guess a users age.
**guess-coolness:** Guess a user's coolness amount.
**guess-iq:** Guesses a user's IQ.
**guess-looks:** Guess what a user looks like.
**hello:** Says hello.
**meme:** Grab a random meme from a list of subreddits
**quiz:** Random questions.
**say:** Make the bot say things.
**ship:** Determines the love between two users.
**slots:** Play the slots.
**tic-tac-toe:** Play a game of tic-tac-toe.
**typing-test:** See how fast you can type a sentence in a given time limit.

__Manipulation__
**qr:** Read a QR code from an image.

__Helpful__
**age:** Calculates how old a person is, or when they were born.
**bot-info:** Displays information about this bot.
**character-count:** How many characters are in your argument.
**chinese-zodiac:** Calculates your Chinese Zodiac sign.
**days:** Calculates how many days are left until a month and day.
**gender:** Grab the gender of a real name.
**horoscope:** Calculates today's horoscope.
**minecraft:** Grab various info from a Minecraft user.
**server-info:** Info of the server.
**strawpoll:** Generates a Strawpoll.
**time:** Calculates what time it is in different time zones.
**translate:** Translate text to another language.

__Staff__
**config:** Set various server settings

__Commands__
**groups:** Lists all command groups.
**enable:** Enables a command or command group.
**disable:** Disables a command or command group.
2019-07-22T19:15:59.723Z - INFO: Using Yandex.Translate
2019-07-22T19:16:00.764Z - OK: ---------------------------------------------
2019-07-22T19:16:00.765Z - OK: BOT START ON: Mon, 22 Jul 2019 19:15:59 GMT
2019-07-22T19:16:00.765Z - OK: ---------------------------------------------
2019-07-22T19:16:00.765Z - INFO: Name: WrenchBot#3085 ID: 518961713098260490
2019-07-22T19:16:00.766Z - INFO: Active in 8 servers.
2019-07-22T19:16:06.039Z - CMD: <@272466470510788608>: ]a
2019-07-22T19:16:13.562Z - CMD: <@272466470510788608>: ]help
2019-07-22T19:16:13.571Z - ERROR: Rejected Promise: [object Promise] / Rejection: TypeError: message.author.hasPermission is not a function
2019-07-22T19:22:54.422Z - INFO: Using Yandex.Translate
2019-07-22T19:22:55.135Z - OK: ---------------------------------------------
2019-07-22T19:22:55.136Z - OK: BOT START ON: Mon, 22 Jul 2019 19:22:54 GMT
2019-07-22T19:22:55.136Z - OK: ---------------------------------------------
2019-07-22T19:22:55.136Z - INFO: Name: WrenchBot#3085 ID: 518961713098260490
2019-07-22T19:22:55.136Z - INFO: Active in 8 servers.
2019-07-22T19:23:00.561Z - CMD: <@272466470510788608>: ]help
2019-07-22T19:31:00.059Z - INFO: Using Yandex.Translate
2019-07-22T19:31:00.494Z - OK: ---------------------------------------------
2019-07-22T19:31:00.495Z - OK: BOT START ON: Mon, 22 Jul 2019 19:30:59 GMT
2019-07-22T19:31:00.495Z - OK: ---------------------------------------------
2019-07-22T19:31:00.495Z - INFO: Name: WrenchBot#3085 ID: 518961713098260490
2019-07-22T19:31:00.496Z - INFO: Active in 8 servers.
2019-07-22T19:31:04.675Z - CMD: <@272466470510788608>: ]meme
2019-07-22T19:31:19.710Z - INFO: Using Yandex.Translate
2019-07-22T19:31:20.106Z - OK: ---------------------------------------------
2019-07-22T19:31:20.106Z - OK: BOT START ON: Mon, 22 Jul 2019 19:31:19 GMT
2019-07-22T19:31:20.107Z - OK: ---------------------------------------------
2019-07-22T19:31:20.107Z - INFO: Name: WrenchBot#3085 ID: 518961713098260490
2019-07-22T19:31:20.107Z - INFO: Active in 8 servers.
2019-07-22T19:31:22.664Z - CMD: <@272466470510788608>: ]meme
2019-07-22T19:33:20.106Z - INFO: Using Yandex.Translate
2019-07-22T19:33:20.543Z - OK: ---------------------------------------------
2019-07-22T19:33:20.544Z - OK: BOT START ON: Mon, 22 Jul 2019 19:33:20 GMT
2019-07-22T19:33:20.544Z - OK: ---------------------------------------------
2019-07-22T19:33:20.544Z - INFO: Name: WrenchBot#3085 ID: 518961713098260490
2019-07-22T19:33:20.545Z - INFO: Active in 8 servers.
2019-07-22T19:33:22.248Z - CMD: <@272466470510788608>: ]meme
2019-07-22T19:33:40.800Z - CMD: <@272466470510788608>: ]reload meme
2019-07-22T19:33:42.341Z - CMD: <@272466470510788608>: ]meme
2019-07-22T19:33:58.930Z - CMD: <@272466470510788608>: ]reload meme
2019-07-22T19:34:01.001Z - CMD: <@272466470510788608>: ]meme
2019-07-22T19:35:12.451Z - CMD: <@272466470510788608>: ]reload meme
2019-07-22T19:35:13.326Z - CMD: <@272466470510788608>: ]meme
2019-07-22T19:35:44.760Z - INFO: Using Yandex.Translate
2019-07-22T19:35:45.362Z - OK: ---------------------------------------------
2019-07-22T19:35:45.363Z - OK: BOT START ON: Mon, 22 Jul 2019 19:35:44 GMT
2019-07-22T19:35:45.363Z - OK: ---------------------------------------------
2019-07-22T19:35:45.363Z - INFO: Name: WrenchBot#3085 ID: 518961713098260490
2019-07-22T19:35:45.364Z - INFO: Active in 8 servers.
2019-07-22T19:35:46.330Z - CMD: <@272466470510788608>: ]meme
2019-07-22T19:36:19.914Z - INFO: Using Yandex.Translate
2019-07-22T19:36:20.332Z - OK: ---------------------------------------------
2019-07-22T19:36:20.333Z - OK: BOT START ON: Mon, 22 Jul 2019 19:36:19 GMT
2019-07-22T19:36:20.333Z - OK: ---------------------------------------------
2019-07-22T19:36:20.333Z - INFO: Name: WrenchBot#3085 ID: 518961713098260490
2019-07-22T19:36:20.333Z - INFO: Active in 8 servers.
2019-07-22T19:36:23.366Z - CMD: <@272466470510788608>: ]meme
2019-07-22T19:37:00.437Z - INFO: Using Yandex.Translate
2019-07-22T19:37:00.931Z - OK: ---------------------------------------------
2019-07-22T19:37:00.931Z - OK: BOT START ON: Mon, 22 Jul 2019 19:37:00 GMT
2019-07-22T19:37:00.931Z - OK: ---------------------------------------------
2019-07-22T19:37:00.932Z - INFO: Name: WrenchBot#3085 ID: 518961713098260490
2019-07-22T19:37:00.932Z - INFO: Active in 8 servers.
2019-07-22T19:37:04.496Z - CMD: <@272466470510788608>: ]meme
2019-07-22T19:37:09.199Z - CMD: <@272466470510788608>: ]meme
2019-07-22T19:37:13.447Z - CMD: <@272466470510788608>: ]meme
2019-07-22T19:38:09.260Z - CMD: <@272466470510788608>: ]reload meme
2019-07-22T19:38:10.475Z - CMD: <@272466470510788608>: ]meme
2019-07-22T19:38:15.205Z - CMD: <@272466470510788608>: ]meme
2019-07-22T19:38:17.396Z - CMD: <@272466470510788608>: ]meme
2019-07-22T19:38:24.757Z - CMD: <@272466470510788608>: ]meme
2019-07-22T19:38:35.336Z - CMD: <@272466470510788608>: ]meme
2019-07-22T19:38:41.762Z - CMD: <@272466470510788608>: ]meme
2019-07-22T19:38:45.599Z - CMD: <@272466470510788608>: ]meme
2019-07-22T19:38:50.932Z - CMD: <@272466470510788608>: ]meme
2019-07-22T19:38:55.375Z - CMD: <@272466470510788608>: ]meme
2019-07-22T19:40:02.432Z - CMD: <@272466470510788608>: ]reload meme
2019-07-22T19:40:03.378Z - CMD: <@272466470510788608>: ]meme
2019-07-22T19:40:15.885Z - CMD: <@272466470510788608>: ]meme
2019-07-22T19:40:56.360Z - INFO: Using Yandex.Translate
2019-07-22T19:40:56.837Z - OK: ---------------------------------------------
2019-07-22T19:40:56.838Z - OK: BOT START ON: Mon, 22 Jul 2019 19:40:56 GMT
2019-07-22T19:40:56.838Z - OK: ---------------------------------------------
2019-07-22T19:40:56.838Z - INFO: Name: WrenchBot#3085 ID: 518961713098260490
2019-07-22T19:40:56.839Z - INFO: Active in 8 servers.
2019-07-22T19:40:58.223Z - CMD: <@272466470510788608>: ]meme
2019-07-22T19:41:36.166Z - INFO: Using Yandex.Translate
2019-07-22T19:41:36.676Z - OK: ---------------------------------------------
2019-07-22T19:41:36.676Z - OK: BOT START ON: Mon, 22 Jul 2019 19:41:36 GMT
2019-07-22T19:41:36.676Z - OK: ---------------------------------------------
2019-07-22T19:41:36.676Z - INFO: Name: WrenchBot#3085 ID: 518961713098260490
2019-07-22T19:41:36.677Z - INFO: Active in 8 servers.
2019-07-22T19:41:37.970Z - CMD: <@272466470510788608>: ]meme
2019-07-22T19:43:05.665Z - INFO: Using Yandex.Translate
2019-07-22T19:43:06.074Z - OK: ---------------------------------------------
2019-07-22T19:43:06.075Z - OK: BOT START ON: Mon, 22 Jul 2019 19:43:05 GMT
2019-07-22T19:43:06.075Z - OK: ---------------------------------------------
2019-07-22T19:43:06.075Z - INFO: Name: WrenchBot#3085 ID: 518961713098260490
2019-07-22T19:43:06.076Z - INFO: Active in 8 servers.
2019-07-22T19:43:07.127Z - CMD: <@272466470510788608>: ]meme
2019-07-22T19:43:12.102Z - CMD: <@272466470510788608>: ]meme
2019-07-22T19:43:20.259Z - CMD: <@272466470510788608>: ]meme
2019-07-22T19:43:31.409Z - CMD: <@272466470510788608>: ]meme
2019-07-22T19:43:41.412Z - CMD: <@272466470510788608>: ]meme
2019-07-22T20:00:55.074Z - CMD: <@207909015173332992>: ]iq 224319943619903488
2019-07-22T20:13:14.163Z - INFO: Using Yandex.Translate
2019-07-22T20:13:14.677Z - OK: ---------------------------------------------
2019-07-22T20:13:14.677Z - OK: BOT START ON: Mon, 22 Jul 2019 20:13:14 GMT
2019-07-22T20:13:14.678Z - OK: ---------------------------------------------
2019-07-22T20:13:14.678Z - INFO: Name: WrenchBot#3085 ID: 518961713098260490
2019-07-22T20:13:14.678Z - INFO: Active in 8 servers.
2019-07-22T20:13:20.724Z - CMD: <@272466470510788608>: ]meme
2019-07-22T20:13:26.012Z - CMD: <@272466470510788608>: ]meme
2019-07-22T20:13:26.613Z - CMD: <@272466470510788608>: ]meme
2019-07-22T20:13:26.896Z - CMD: <@272466470510788608>: ]meme
2019-07-22T20:13:27.054Z - CMD: <@272466470510788608>: ]meme
2019-07-22T20:13:27.303Z - CMD: <@272466470510788608>: ]meme
2019-07-22T20:13:27.739Z - CMD: <@272466470510788608>: ]meme
2019-07-22T20:17:32.965Z - INFO: Using Yandex.Translate
2019-07-22T20:17:33.493Z - OK: ---------------------------------------------
2019-07-22T20:17:33.494Z - OK: BOT START ON: Mon, 22 Jul 2019 20:17:32 GMT
2019-07-22T20:17:33.494Z - OK: ---------------------------------------------
2019-07-22T20:17:33.494Z - INFO: Name: WrenchBot#3085 ID: 518961713098260490
2019-07-22T20:17:33.494Z - INFO: Active in 8 servers.
2019-07-22T20:17:38.908Z - CMD: <@272466470510788608>: ]meme
2019-07-22T20:17:38.912Z - ERROR: Rejected Promise: [object Promise] / Rejection: TypeError: client.isUsable is not a function
2019-07-22T20:26:16.185Z - INFO: Using Yandex.Translate
2019-07-22T20:26:16.616Z - OK: ---------------------------------------------
2019-07-22T20:26:16.616Z - OK: BOT START ON: Mon, 22 Jul 2019 20:26:16 GMT
2019-07-22T20:26:16.616Z - OK: ---------------------------------------------
2019-07-22T20:26:16.617Z - INFO: Name: WrenchBot#3085 ID: 518961713098260490
2019-07-22T20:26:16.617Z - INFO: Active in 8 servers.
2019-07-22T20:27:25.707Z - CMD: <@272466470510788608>: ]conf help
2019-07-22T20:27:30.467Z - CMD: <@272466470510788608>: ]conf set log log
2019-07-22T20:28:28.632Z - INFO: Using Yandex.Translate
2019-07-22T20:28:29.283Z - OK: ---------------------------------------------
2019-07-22T20:28:29.283Z - OK: BOT START ON: Mon, 22 Jul 2019 20:28:28 GMT
2019-07-22T20:28:29.284Z - OK: ---------------------------------------------
2019-07-22T20:28:29.284Z - INFO: Name: WrenchBot#3085 ID: 518961713098260490
2019-07-22T20:28:29.284Z - INFO: Active in 8 servers.
2019-07-22T20:42:02.961Z - INFO: Using Yandex.Translate
2019-07-22T20:42:03.432Z - OK: ---------------------------------------------
2019-07-22T20:42:03.432Z - OK: BOT START ON: Mon, 22 Jul 2019 20:42:02 GMT
2019-07-22T20:42:03.432Z - OK: ---------------------------------------------
2019-07-22T20:42:03.433Z - INFO: Name: WrenchBot#3085 ID: 518961713098260490
2019-07-22T20:42:03.433Z - INFO: Active in 8 servers.
2019-07-22T20:43:46.918Z - CMD: <@272466470510788608>: ]conf set joinRole Member
2019-07-22T20:43:58.135Z - INFO: Using Yandex.Translate
2019-07-22T20:43:58.614Z - OK: ---------------------------------------------
2019-07-22T20:43:58.615Z - OK: BOT START ON: Mon, 22 Jul 2019 20:43:58 GMT
2019-07-22T20:43:58.615Z - OK: ---------------------------------------------
2019-07-22T20:43:58.615Z - INFO: Name: WrenchBot#3085 ID: 518961713098260490
2019-07-22T20:43:58.616Z - INFO: Active in 8 servers.
2019-07-22T20:44:56.335Z - CMD: <@272466470510788608>: ]conf set log log
2019-07-22T20:45:16.268Z - CMD: <@272466470510788608>: ]conf add bot commands
2019-07-22T20:45:23.458Z - CMD: <@272466470510788608>: ]conf add bot shitposting
2019-07-22T20:45:30.140Z - CMD: <@272466470510788608>: ]conf add bot staff
2019-07-22T20:45:34.203Z - CMD: <@272466470510788608>: ]conf remove bot none
2019-07-22T20:46:40.895Z - CMD: <@272466470510788608>: ]conf set welcome announcements
2019-07-22T20:46:46.521Z - CMD: <@272466470510788608>: ]conf set welcomeMessage Welcome {{user}} to Spade Ink. You'd better get digging now if you ever want to get out of here again.
2019-07-22T20:47:08.059Z - CMD: <@272466470510788608>: ]conf set leave announcements
2019-07-22T20:47:14.084Z - CMD: <@272466470510788608>: ]conf set leaveMessage {{user}} finally got out of here...
2019-07-22T20:48:32.385Z - CMD: <@272466470510788608>: ]conf set joinRole Guest
2019-07-22T20:56:37.089Z - CMD: <@272466470510788608>: ]test
2019-07-22T20:56:41.341Z - CMD: <@272466470510788608>: ]test
2019-07-22T20:56:41.711Z - CMD: <@272466470510788608>: ]test
2019-07-22T20:56:42.072Z - CMD: <@272466470510788608>: ]test
2019-07-22T20:56:42.462Z - CMD: <@272466470510788608>: ]test
2019-07-22T20:56:42.588Z - CMD: <@272466470510788608>: ]test
2019-07-22T20:56:42.741Z - CMD: <@272466470510788608>: ]test
2019-07-22T20:56:42.895Z - CMD: <@272466470510788608>: ]test
2019-07-22T20:57:41.576Z - INFO: Using Yandex.Translate
2019-07-22T20:57:42.838Z - OK: ---------------------------------------------
2019-07-22T20:57:42.838Z - OK: BOT START ON: Mon, 22 Jul 2019 20:57:41 GMT
2019-07-22T20:57:42.838Z - OK: ---------------------------------------------
2019-07-22T20:57:42.839Z - INFO: Name: WrenchBot#3085 ID: 518961713098260490
2019-07-22T20:57:42.839Z - INFO: Active in 8 servers.
2019-07-22T20:57:43.733Z - CMD: <@272466470510788608>: test
2019-07-22T20:57:43.955Z - CMD: <@272466470510788608>: test
2019-07-22T20:57:44.374Z - CMD: <@272466470510788608>: test
2019-07-22T20:57:45.300Z - CMD: <@272466470510788608>: test
2019-07-22T20:57:45.718Z - CMD: <@272466470510788608>: test
2019-07-22T20:57:46.051Z - CMD: <@272466470510788608>: test
2019-07-22T20:57:46.209Z - CMD: <@272466470510788608>: test
2019-07-22T20:57:46.364Z - CMD: <@272466470510788608>: test
2019-07-22T20:57:46.565Z - CMD: <@272466470510788608>: testtest
2019-07-22T20:57:46.754Z - CMD: <@272466470510788608>: test
2019-07-22T20:57:57.664Z - CMD: <@272466470510788608>: works but now bot logs every message
2019-07-22T20:58:08.707Z - CMD: <@194041725730160640>: a
2019-07-22T20:58:25.522Z - INFO: Using Yandex.Translate
2019-07-22T20:58:25.927Z - OK: ---------------------------------------------
2019-07-22T20:58:25.927Z - OK: BOT START ON: Mon, 22 Jul 2019 20:58:25 GMT
2019-07-22T20:58:25.927Z - OK: ---------------------------------------------
2019-07-22T20:58:25.928Z - INFO: Name: WrenchBot#3085 ID: 518961713098260490
2019-07-22T20:58:25.928Z - INFO: Active in 8 servers.
2019-07-22T20:58:28.433Z - CMD: <@272466470510788608>: test
2019-07-22T20:58:47.694Z - INFO: Using Yandex.Translate
2019-07-22T20:58:48.103Z - OK: ---------------------------------------------
2019-07-22T20:58:48.104Z - OK: BOT START ON: Mon, 22 Jul 2019 20:58:47 GMT
2019-07-22T20:58:48.104Z - OK: ---------------------------------------------
2019-07-22T20:58:48.104Z - INFO: Name: WrenchBot#3085 ID: 518961713098260490
2019-07-22T20:58:48.105Z - INFO: Active in 8 servers.
2019-07-22T20:58:57.492Z - CMD: <@272466470510788608>: ]test
2019-07-22T20:58:57.755Z - CMD: <@272466470510788608>: ]test
2019-07-22T20:58:59.073Z - CMD: <@272466470510788608>: ]test
2019-07-22T20:58:59.490Z - CMD: <@272466470510788608>: ]test
2019-07-22T20:59:07.894Z - CMD: <@272466470510788608>: ]test
2019-07-22T20:59:10.175Z - CMD: <@272466470510788608>: ]test
2019-07-22T20:59:10.350Z - CMD: <@272466470510788608>: ]test
2019-07-22T20:59:10.525Z - CMD: <@272466470510788608>: ]test
2019-07-22T20:59:19.064Z - CMD: <@272466470510788608>: ]bot
2019-07-22T20:59:22.453Z - CMD: <@272466470510788608>: ]bot
2019-07-22T20:59:31.362Z - TRAN: <@272466470510788608>: hola como estas -> hello how are you
2019-07-22T20:59:38.315Z - CMD: <@272466470510788608>: ]bot
2019-07-22T21:02:27.837Z - ERROR: Rejected Promise: [object Promise] / Rejection: TypeError: client.settings.fetchEverything is not a function
2019-07-22T21:02:31.837Z - ERROR: Rejected Promise: [object Promise] / Rejection: TypeError: client.settings.fetchEverything is not a function
2019-07-22T21:03:06.009Z - INFO: Using Yandex.Translate
2019-07-22T21:03:06.496Z - OK: ---------------------------------------------
2019-07-22T21:03:06.497Z - OK: BOT START ON: Mon, 22 Jul 2019 21:03:05 GMT
2019-07-22T21:03:06.497Z - OK: ---------------------------------------------
2019-07-22T21:03:06.497Z - INFO: Name: WrenchBot#3085 ID: 518961713098260490
2019-07-22T21:03:06.498Z - INFO: Active in 8 servers.
2019-07-22T21:03:11.777Z - ERROR: Rejected Promise: [object Promise] / Rejection: Error: No settings provider is available.
2019-07-22T21:03:13.779Z - ERROR: Rejected Promise: [object Promise] / Rejection: Error: No settings provider is available.
2019-07-22T21:06:20.725Z - INFO: Using Yandex.Translate
2019-07-22T21:06:21.176Z - OK: ---------------------------------------------
2019-07-22T21:06:21.176Z - OK: BOT START ON: Mon, 22 Jul 2019 21:06:20 GMT
2019-07-22T21:06:21.177Z - OK: ---------------------------------------------
2019-07-22T21:06:21.177Z - INFO: Name: WrenchBot#3085 ID: 518961713098260490
2019-07-22T21:06:21.177Z - INFO: Active in 8 servers.
2019-07-22T21:06:35.907Z - CMD: <@428267501797900291>: ]test
2019-07-22T21:06:42.240Z - CMD: <@428267501797900291>: ]test
2019-07-22T21:07:17.388Z - CMD: <@272466470510788608>: ]test
2019-07-22T21:08:04.640Z - INFO: Using Yandex.Translate
2019-07-22T21:08:05.086Z - OK: ---------------------------------------------
2019-07-22T21:08:05.086Z - OK: BOT START ON: Mon, 22 Jul 2019 21:08:04 GMT
2019-07-22T21:08:05.086Z - OK: ---------------------------------------------
2019-07-22T21:08:05.087Z - INFO: Name: WrenchBot#3085 ID: 518961713098260490
2019-07-22T21:08:05.087Z - INFO: Active in 8 servers.
2019-07-22T21:08:07.976Z - CMD: <@272466470510788608>: ]test
2019-07-22T21:08:08.832Z - CMD: <@272466470510788608>: ]test
2019-07-22T21:08:18.753Z - CMD: <@428267501797900291>: ]test
2019-07-22T21:08:22.705Z - CMD: <@428267501797900291>: ]test
2019-07-22T21:08:28.307Z - CMD: <@272466470510788608>: ]test
2019-07-22T21:09:07.300Z - INFO: Using Yandex.Translate
2019-07-22T21:09:07.716Z - OK: ---------------------------------------------
2019-07-22T21:09:07.716Z - OK: BOT START ON: Mon, 22 Jul 2019 21:09:07 GMT
2019-07-22T21:09:07.716Z - OK: ---------------------------------------------
2019-07-22T21:09:07.717Z - INFO: Name: WrenchBot#3085 ID: 518961713098260490
2019-07-22T21:09:07.717Z - INFO: Active in 8 servers.
2019-07-22T21:09:10.612Z - CMD: <@428267501797900291>: ]test
2019-07-22T21:09:11.907Z - CMD: <@428267501797900291>: ]test
2019-07-22T21:09:13.119Z - CMD: <@428267501797900291>: ]test
2019-07-22T21:09:13.372Z - ERROR: Rejected Promise: [object Promise] / Rejection: DiscordAPIError: Unknown Message
2019-07-22T21:10:01.023Z - INFO: Using Yandex.Translate
2019-07-22T21:10:01.463Z - OK: ---------------------------------------------
2019-07-22T21:10:01.463Z - OK: BOT START ON: Mon, 22 Jul 2019 21:10:00 GMT
2019-07-22T21:10:01.464Z - OK: ---------------------------------------------
2019-07-22T21:10:01.464Z - INFO: Name: WrenchBot#3085 ID: 518961713098260490
2019-07-22T21:10:01.464Z - INFO: Active in 8 servers.
2019-07-22T21:10:03.140Z - CMD: <@272466470510788608>: ]test
2019-07-22T21:10:04.766Z - CMD: <@272466470510788608>: ]test
2019-07-22T21:10:06.290Z - CMD: <@272466470510788608>: ]test
2019-07-22T21:10:11.119Z - CMD: <@428267501797900291>: ]test
2019-07-22T21:10:12.456Z - CMD: <@428267501797900291>: ]tes
2019-07-22T21:10:14.618Z - CMD: <@428267501797900291>: ]test
2019-07-22T21:11:34.703Z - INFO: Using Yandex.Translate
2019-07-22T21:11:35.141Z - OK: ---------------------------------------------
2019-07-22T21:11:35.141Z - OK: BOT START ON: Mon, 22 Jul 2019 21:11:34 GMT
2019-07-22T21:11:35.141Z - OK: ---------------------------------------------
2019-07-22T21:11:35.142Z - INFO: Name: WrenchBot#3085 ID: 518961713098260490
2019-07-22T21:11:35.142Z - INFO: Active in 8 servers.
2019-07-22T21:11:37.291Z - ERROR: Rejected Promise: [object Promise] / Rejection: TypeError: The inhibitor must be a function.
2019-07-22T21:12:05.383Z - ERROR: Rejected Promise: [object Promise] / Rejection: TypeError: The inhibitor must be a function.
2019-07-22T21:12:34.466Z - ERROR: Rejected Promise: [object Promise] / Rejection: TypeError: The inhibitor must be a function.
2019-07-22T21:14:42.855Z - INFO: Using Yandex.Translate
2019-07-22T21:14:43.316Z - OK: ---------------------------------------------
2019-07-22T21:14:43.317Z - OK: BOT START ON: Mon, 22 Jul 2019 21:14:42 GMT
2019-07-22T21:14:43.318Z - OK: ---------------------------------------------
2019-07-22T21:14:43.319Z - INFO: Name: WrenchBot#3085 ID: 518961713098260490
2019-07-22T21:14:43.319Z - INFO: Active in 8 servers.
2019-07-22T21:14:48.632Z - CMD: <@272466470510788608>: ]test
2019-07-22T21:14:52.818Z - CMD: <@272466470510788608>: ]test
2019-07-22T21:14:54.904Z - CMD: <@272466470510788608>: ]test
2019-07-22T21:14:59.205Z - CMD: <@428267501797900291>: ]test
2019-07-22T21:15:01.001Z - CMD: <@428267501797900291>: ]test
2019-07-22T21:15:04.634Z - CMD: <@272466470510788608>: ]test
2019-07-22T21:15:07.220Z - CMD: <@272466470510788608>: ]test
2019-07-22T21:16:34.314Z - INFO: Using Yandex.Translate
2019-07-22T21:16:34.782Z - OK: ---------------------------------------------
2019-07-22T21:16:34.782Z - OK: BOT START ON: Mon, 22 Jul 2019 21:16:34 GMT
2019-07-22T21:16:34.782Z - OK: ---------------------------------------------
2019-07-22T21:16:34.783Z - INFO: Name: WrenchBot#3085 ID: 518961713098260490
2019-07-22T21:16:34.783Z - INFO: Active in 8 servers.
2019-07-22T21:16:37.829Z - ERROR: Rejected Promise: [object Promise] / Rejection: TypeError: The inhibitor must be a function.
2019-07-22T21:16:40.756Z - ERROR: Rejected Promise: [object Promise] / Rejection: TypeError: The inhibitor must be a function.
2019-07-22T21:16:42.893Z - ERROR: Rejected Promise: [object Promise] / Rejection: TypeError: The inhibitor must be a function.
2019-07-22T21:20:55.267Z - ERROR: Rejected Promise: [object Promise] / Rejection: TypeError: The inhibitor must be a function.
2019-07-22T21:22:29.491Z - ERROR: Rejected Promise: [object Promise] / Rejection: TypeError: The inhibitor must be a function.
2019-07-22T21:23:15.000Z - ERROR: Rejected Promise: [object Promise] / Rejection: TypeError: The inhibitor must be a function.
2019-07-22T21:23:47.872Z - ERROR: Rejected Promise: [object Promise] / Rejection: TypeError: The inhibitor must be a function.
2019-07-22T21:24:01.418Z - ERROR: Rejected Promise: [object Promise] / Rejection: TypeError: The inhibitor must be a function.
2019-07-22T21:24:10.868Z - INFO: Using Yandex.Translate
2019-07-22T21:24:11.441Z - OK: ---------------------------------------------
2019-07-22T21:24:11.441Z - OK: BOT START ON: Mon, 22 Jul 2019 21:24:10 GMT
2019-07-22T21:24:11.441Z - OK: ---------------------------------------------
2019-07-22T21:24:11.442Z - INFO: Name: WrenchBot#3085 ID: 518961713098260490
2019-07-22T21:24:11.442Z - INFO: Active in 8 servers.
2019-07-22T21:24:32.720Z - CMD: <@272466470510788608>: ]test
2019-07-22T21:24:34.611Z - CMD: <@272466470510788608>: ]test
2019-07-22T21:24:38.138Z - CMD: <@272466470510788608>: ]test
2019-07-22T21:24:42.362Z - CMD: <@428267501797900291>: ]test
2019-07-22T21:24:43.985Z - CMD: <@428267501797900291>: ]test
2019-07-22T21:24:45.870Z - CMD: <@428267501797900291>: ]test
2019-07-22T21:24:48.040Z - CMD: <@272466470510788608>: ]test
2019-07-22T21:24:49.478Z - CMD: <@272466470510788608>: ]test
2019-07-22T21:24:52.496Z - CMD: <@272466470510788608>: ]test
2019-07-22T21:24:56.952Z - CMD: <@272466470510788608>: ]test
2019-07-22T21:25:34.853Z - INFO: Using Yandex.Translate
2019-07-22T21:25:35.318Z - OK: ---------------------------------------------
2019-07-22T21:25:35.319Z - OK: BOT START ON: Mon, 22 Jul 2019 21:25:34 GMT
2019-07-22T21:25:35.319Z - OK: ---------------------------------------------
2019-07-22T21:25:35.319Z - INFO: Name: WrenchBot#3085 ID: 518961713098260490
2019-07-22T21:25:35.319Z - INFO: Active in 8 servers.
2019-07-22T21:25:38.465Z - CMD: <@272466470510788608>: ]test
2019-07-22T21:25:39.528Z - CMD: <@272466470510788608>: ]test
2019-07-22T21:25:40.806Z - CMD: <@272466470510788608>: ]test
2019-07-22T21:25:43.827Z - CMD: <@428267501797900291>: ]test
2019-07-22T21:25:44.696Z - CMD: <@428267501797900291>: ]test
2019-07-22T21:25:47.745Z - CMD: <@272466470510788608>: ]test
2019-07-22T21:27:33.222Z - INFO: Using Yandex.Translate
2019-07-22T21:27:34.648Z - OK: ---------------------------------------------
2019-07-22T21:27:34.648Z - OK: BOT START ON: Mon, 22 Jul 2019 21:27:33 GMT
2019-07-22T21:27:34.648Z - OK: ---------------------------------------------
2019-07-22T21:27:34.648Z - INFO: Name: WrenchBot#3085 ID: 518961713098260490
2019-07-22T21:27:34.649Z - INFO: Active in 8 servers.
2019-07-22T21:27:39.868Z - CMD: <@272466470510788608>: ]test
2019-07-22T21:27:42.188Z - CMD: <@272466470510788608>: ]test
2019-07-22T21:27:46.024Z - CMD: <@428267501797900291>: ]test
2019-07-22T21:27:47.490Z - CMD: <@428267501797900291>: ]test
2019-07-22T21:27:47.493Z - ERROR:  TypeError: The inhibitor must be a function.
    at CommandDispatcher.removeInhibitor (C:\GitHub\WrenchBot\node_modules\discord.js-commando\src\dispatcher.js:88:45)
    at C:\GitHub\WrenchBot\bot.js:334:24
    at CommandDispatcher.inhibit (C:\GitHub\WrenchBot\node_modules\discord.js-commando\src\dispatcher.js:189:22)
    at CommandDispatcher.handleMessage (C:\GitHub\WrenchBot\node_modules\discord.js-commando\src\dispatcher.js:120:27)
    at CommandoClient.<anonymous> (C:\GitHub\WrenchBot\node_modules\discord.js-commando\src\client.js:68:51)
    at CommandoClient.emit (events.js:208:15)
    at MessageCreateHandler.handle (C:\GitHub\WrenchBot\node_modules\discord.js\src\client\websocket\packets\handlers\MessageCreate.js:9:34)
    at WebSocketPacketManager.handle (C:\GitHub\WrenchBot\node_modules\discord.js\src\client\websocket\packets\WebSocketPacketManager.js:105:65)
    at WebSocketConnection.onPacket (C:\GitHub\WrenchBot\node_modules\discord.js\src\client\websocket\WebSocketConnection.js:333:35)
    at WebSocketConnection.onMessage (C:\GitHub\WrenchBot\node_modules\discord.js\src\client\websocket\WebSocketConnection.js:296:17)
    at WebSocket.onMessage (C:\GitHub\WrenchBot\node_modules\ws\lib\event-target.js:120:16)
    at WebSocket.emit (events.js:203:13)
    at Receiver.receiverOnMessage (C:\GitHub\WrenchBot\node_modules\ws\lib\websocket.js:789:20)
    at Receiver.emit (events.js:203:13)
    at Receiver.dataMessage (C:\GitHub\WrenchBot\node_modules\ws\lib\receiver.js:422:14)
    at Receiver.getData (C:\GitHub\WrenchBot\node_modules\ws\lib\receiver.js:352:17)
    at Receiver.startLoop (C:\GitHub\WrenchBot\node_modules\ws\lib\receiver.js:138:22)
    at Receiver._write (C:\GitHub\WrenchBot\node_modules\ws\lib\receiver.js:74:10)
    at doWrite (_stream_writable.js:417:12)
    at writeOrBuffer (_stream_writable.js:401:5)
    at Receiver.Writable.write (_stream_writable.js:301:11)
    at TLSSocket.socketOnData (C:\GitHub\WrenchBot\node_modules\ws\lib\websocket.js:864:35)
2019-07-22T21:27:50.653Z - CMD: <@428267501797900291>: ]test
2019-07-22T21:27:50.655Z - ERROR:  TypeError: The inhibitor must be a function.
    at CommandDispatcher.removeInhibitor (C:\GitHub\WrenchBot\node_modules\discord.js-commando\src\dispatcher.js:88:45)
    at C:\GitHub\WrenchBot\bot.js:334:24
    at CommandDispatcher.inhibit (C:\GitHub\WrenchBot\node_modules\discord.js-commando\src\dispatcher.js:189:22)
    at CommandDispatcher.handleMessage (C:\GitHub\WrenchBot\node_modules\discord.js-commando\src\dispatcher.js:120:27)
    at CommandoClient.<anonymous> (C:\GitHub\WrenchBot\node_modules\discord.js-commando\src\client.js:68:51)
    at CommandoClient.emit (events.js:208:15)
    at MessageCreateHandler.handle (C:\GitHub\WrenchBot\node_modules\discord.js\src\client\websocket\packets\handlers\MessageCreate.js:9:34)
    at WebSocketPacketManager.handle (C:\GitHub\WrenchBot\node_modules\discord.js\src\client\websocket\packets\WebSocketPacketManager.js:105:65)
    at WebSocketConnection.onPacket (C:\GitHub\WrenchBot\node_modules\discord.js\src\client\websocket\WebSocketConnection.js:333:35)
    at WebSocketConnection.onMessage (C:\GitHub\WrenchBot\node_modules\discord.js\src\client\websocket\WebSocketConnection.js:296:17)
    at WebSocket.onMessage (C:\GitHub\WrenchBot\node_modules\ws\lib\event-target.js:120:16)
    at WebSocket.emit (events.js:203:13)
    at Receiver.receiverOnMessage (C:\GitHub\WrenchBot\node_modules\ws\lib\websocket.js:789:20)
    at Receiver.emit (events.js:203:13)
    at Receiver.dataMessage (C:\GitHub\WrenchBot\node_modules\ws\lib\receiver.js:422:14)
    at Receiver.getData (C:\GitHub\WrenchBot\node_modules\ws\lib\receiver.js:352:17)
    at Receiver.startLoop (C:\GitHub\WrenchBot\node_modules\ws\lib\receiver.js:138:22)
    at Receiver._write (C:\GitHub\WrenchBot\node_modules\ws\lib\receiver.js:74:10)
    at doWrite (_stream_writable.js:417:12)
    at writeOrBuffer (_stream_writable.js:401:5)
    at Receiver.Writable.write (_stream_writable.js:301:11)
    at TLSSocket.socketOnData (C:\GitHub\WrenchBot\node_modules\ws\lib\websocket.js:864:35)
2019-07-22T21:40:20.930Z - INFO: Using Yandex.Translate
2019-07-22T21:40:21.526Z - OK: ---------------------------------------------
2019-07-22T21:40:21.526Z - OK: BOT START ON: Mon, 22 Jul 2019 21:40:20 GMT
2019-07-22T21:40:21.526Z - OK: ---------------------------------------------
2019-07-22T21:40:21.526Z - INFO: Name: WrenchBot#3085 ID: 518961713098260490
2019-07-22T21:40:21.527Z - INFO: Active in 8 servers.
2019-07-22T21:41:15.731Z - ERROR: Rejected Promise: [object Promise] / Rejection: DiscordAPIError: Invalid Form Body
limit: int value should be less than or equal to 100.
2019-07-22T21:58:16.882Z - INFO: Using Yandex.Translate
2019-07-22T21:58:17.369Z - OK: ---------------------------------------------
2019-07-22T21:58:17.370Z - OK: BOT START ON: Mon, 22 Jul 2019 21:58:16 GMT
2019-07-22T21:58:17.370Z - OK: ---------------------------------------------
2019-07-22T21:58:17.370Z - INFO: Name: WrenchBot#3085 ID: 518961713098260490
2019-07-22T21:58:17.371Z - INFO: Active in 8 servers.
2019-07-22T22:11:41.498Z - INFO: Using Yandex.Translate
2019-07-22T22:11:42.488Z - OK: ---------------------------------------------
2019-07-22T22:11:42.488Z - OK: BOT START ON: Mon, 22 Jul 2019 22:11:41 GMT
2019-07-22T22:11:42.488Z - OK: ---------------------------------------------
2019-07-22T22:11:42.489Z - INFO: Name: WrenchBot#3085 ID: 518961713098260490
2019-07-22T22:11:42.489Z - INFO: Active in 8 servers.
2019-07-22T22:21:49.539Z - INFO: Using Yandex.Translate
2019-07-22T22:21:49.986Z - OK: ---------------------------------------------
2019-07-22T22:21:49.986Z - OK: BOT START ON: Mon, 22 Jul 2019 22:21:49 GMT
2019-07-22T22:21:49.986Z - OK: ---------------------------------------------
2019-07-22T22:21:49.986Z - INFO: Name: WrenchBot#3085 ID: 518961713098260490
2019-07-22T22:21:49.987Z - INFO: Active in 8 servers.
2019-07-22T22:37:55.307Z - INFO: Using Yandex.Translate
2019-07-22T22:37:55.751Z - OK: ---------------------------------------------
2019-07-22T22:37:55.751Z - OK: BOT START ON: Mon, 22 Jul 2019 22:37:55 GMT
2019-07-22T22:37:55.751Z - OK: ---------------------------------------------
2019-07-22T22:37:55.752Z - INFO: Name: WrenchBot#3085 ID: 518961713098260490
2019-07-22T22:37:55.752Z - INFO: Active in 8 servers.
2019-07-22T22:55:31.638Z - INFO: Using Yandex.Translate
2019-07-22T22:55:32.118Z - OK: ---------------------------------------------
2019-07-22T22:55:32.118Z - OK: BOT START ON: Mon, 22 Jul 2019 22:55:31 GMT
2019-07-22T22:55:32.119Z - OK: ---------------------------------------------
2019-07-22T22:55:32.119Z - INFO: Name: WrenchBot#3085 ID: 518961713098260490
2019-07-22T22:55:32.119Z - INFO: Active in 8 servers.
2019-07-22T22:56:16.992Z - INFO: Using Yandex.Translate
2019-07-22T22:56:17.412Z - OK: ---------------------------------------------
2019-07-22T22:56:17.412Z - OK: BOT START ON: Mon, 22 Jul 2019 22:56:16 GMT
2019-07-22T22:56:17.412Z - OK: ---------------------------------------------
2019-07-22T22:56:17.413Z - INFO: Name: WrenchBot#3085 ID: 518961713098260490
2019-07-22T22:56:17.413Z - INFO: Active in 8 servers.
2019-07-22T22:58:11.430Z - INFO: Using Yandex.Translate
2019-07-22T22:58:11.888Z - OK: ---------------------------------------------
2019-07-22T22:58:11.889Z - OK: BOT START ON: Mon, 22 Jul 2019 22:58:11 GMT
2019-07-22T22:58:11.889Z - OK: ---------------------------------------------
2019-07-22T22:58:11.889Z - INFO: Name: WrenchBot#3085 ID: 518961713098260490
2019-07-22T22:58:11.889Z - INFO: Active in 8 servers.
2019-07-22T22:58:51.024Z - INFO: Using Yandex.Translate
2019-07-22T22:58:51.471Z - OK: ---------------------------------------------
2019-07-22T22:58:51.472Z - OK: BOT START ON: Mon, 22 Jul 2019 22:58:50 GMT
2019-07-22T22:58:51.472Z - OK: ---------------------------------------------
2019-07-22T22:58:51.472Z - INFO: Name: WrenchBot#3085 ID: 518961713098260490
2019-07-22T22:58:51.472Z - INFO: Active in 8 servers.
2019-07-22T23:01:10.339Z - INFO: Using Yandex.Translate
2019-07-22T23:01:10.849Z - OK: ---------------------------------------------
2019-07-22T23:01:10.849Z - OK: BOT START ON: Mon, 22 Jul 2019 23:01:10 GMT
2019-07-22T23:01:10.850Z - OK: ---------------------------------------------
2019-07-22T23:01:10.850Z - INFO: Name: WrenchBot#3085 ID: 518961713098260490
2019-07-22T23:01:10.850Z - INFO: Active in 8 servers.
2019-07-22T23:01:41.948Z - INFO: Using Yandex.Translate
2019-07-22T23:01:42.372Z - OK: ---------------------------------------------
2019-07-22T23:01:42.373Z - OK: BOT START ON: Mon, 22 Jul 2019 23:01:41 GMT
2019-07-22T23:01:42.373Z - OK: ---------------------------------------------
2019-07-22T23:01:42.373Z - INFO: Name: WrenchBot#3085 ID: 518961713098260490
2019-07-22T23:01:42.373Z - INFO: Active in 8 servers.
